  [4;36;1mSQL (0.016278)[0m   [0;1mselect sqlite_version(*)[0m
  [4;35;1mSQL (0.002813)[0m   [0mCREATE TABLE schema_info (version integer)[0m
  [4;36;1mSQL (0.002130)[0m   [0;1mINSERT INTO schema_info (version) VALUES(0)[0m
  [4;35;1mSQL (0.000000)[0m   [0mSQLite3::SQLException: table schema_info already exists: CREATE TABLE schema_info (version integer)[0m
  [4;36;1mSQL (0.000380)[0m   [0;1mSELECT version FROM schema_info[0m
Migrating to AddSessionTable (1)
  [4;35;1mSQL (0.002288)[0m   [0mCREATE TABLE sessions ("id" INTEGER PRIMARY KEY AUTOINCREMENT NOT NULL, "session_id" varchar(255) NOT NULL, "data" text DEFAULT NULL, "created_at" datetime DEFAULT NULL, "updated_at" datetime DEFAULT NULL) [0m
  [4;36;1mSQL (0.002521)[0m   [0;1mCREATE INDEX "index_sessions_on_session_id" ON sessions ("session_id")[0m
  [4;35;1mSQL (0.002035)[0m   [0mCREATE INDEX "index_sessions_on_updated_at" ON sessions ("updated_at")[0m
  [4;36;1mSQL (0.002010)[0m   [0;1mUPDATE schema_info SET version = 1[0m
  [4;35;1mSQL (0.000346)[0m   [0mSELECT * FROM schema_info[0m
  [4;36;1mSQL (0.000358)[0m   [0;1m SELECT name
 FROM sqlite_master
 WHERE type = 'table' AND NOT name = 'sqlite_sequence'
[0m
  [4;35;1mSQL (0.000352)[0m   [0mPRAGMA index_list(sessions)[0m
  [4;36;1mSQL (0.000233)[0m   [0;1mPRAGMA index_info('index_sessions_on_updated_at')[0m
  [4;35;1mSQL (0.000228)[0m   [0mPRAGMA index_info('index_sessions_on_session_id')[0m


Processing InvitationsController#new (for 127.0.0.1 at 2008-02-19 19:21:42) [GET]
  Session ID: 1d24e989331de4792c03eae5-12451752
  Parameters: {"fb_sig_time"=>"1203470501.5718", "fb_sig"=>"9d410c4cfde8d25808fb63451584def0", "_method"=>"GET", "fb_sig_locale"=>"en_US", "action"=>"new", "fb_sig_session_key"=>"1d24e989331de4792c03eae5-12451752", "fb_sig_position_fix"=>"1", "fb_sig_in_canvas"=>"1", "fb_sig_request_method"=>"GET", "controller"=>"invitations", "fb_sig_expires"=>"0", "fb_sig_friends"=>"714004,1901714,1947244,1950878,2200981,2221404,2901186,8842239,9507801,9805679,12415699,12447608,12457362,12459071,13741672,20923062,506794518,531100365,531586166,533299745,534619901,537281555,539250231,539693267,563710619,566955936,576951428,591790989,605643681,620122945,628290162,651202640,674447519,692474489,740192698,745267875,746969550,763868412,809827607,860325303,1018227614,1106173248,1131243382", "fb_sig_added"=>"1", "fb_sig_api_key"=>"e34ec276c93b8b443fd15691c57908c5", "fb_sig_profile_update_time"=>"1202862203", "fb_sig_user"=>"12451752"}
Rendering invitations/new
Completed in 0.00673 (148 reqs/sec) | Rendering: 0.00224 (33%) | DB: 0.00000 (0%) | 200 OK [http://cab.elevatedrails.com/invitations/new]


Processing InvitationsController#new (for 127.0.0.1 at 2008-02-19 19:21:55) [POST]
  Session ID: 1d24e989331de4792c03eae5-12451752
  Parameters: {"fb_sig_time"=>"1203470514.6606", "ids"=>["563710619"], "fb_sig"=>"e541a19da0d38f564fc782296bfae6f7", "fb_sig_locale"=>"en_US", "action"=>"new", "fb_sig_session_key"=>"1d24e989331de4792c03eae5-12451752", "fb_sig_position_fix"=>"1", "fb_sig_in_canvas"=>"1", "fb_sig_request_method"=>"POST", "controller"=>"invitations", "typeahead"=>"Start Typing a Friend's Name", "fb_sig_expires"=>"0", "fb_sig_friends"=>"714004,1901714,1947244,1950878,2200981,2221404,2901186,8842239,9507801,9805679,12415699,12447608,12457362,12459071,13741672,20923062,506794518,531100365,531586166,533299745,534619901,537281555,539250231,539693267,563710619,566955936,576951428,591790989,605643681,620122945,628290162,651202640,674447519,692474489,740192698,745267875,746969550,763868412,809827607,860325303,1018227614,1106173248,1131243382", "fb_sig_added"=>"1", "fb_sig_api_key"=>"e34ec276c93b8b443fd15691c57908c5", "fb_sig_profile_update_time"=>"1202862203", "fb_sig_user"=>"12451752"}
Rendering invitations/new
Completed in 0.00492 (203 reqs/sec) | Rendering: 0.00120 (24%) | DB: 0.00000 (0%) | 200 OK [http://cab.elevatedrails.com/invitations/new]


Processing InvitationsController#new (for 127.0.0.1 at 2008-02-19 19:24:17) [GET]
  Session ID: 1d24e989331de4792c03eae5-12451752
  Parameters: {"fb_sig_time"=>"1203470657.1433", "fb_sig"=>"fbe543138618723bc19bff6aaa1c1122", "_method"=>"GET", "fb_sig_locale"=>"en_US", "action"=>"new", "fb_sig_session_key"=>"1d24e989331de4792c03eae5-12451752", "fb_sig_position_fix"=>"1", "fb_sig_in_canvas"=>"1", "fb_sig_request_method"=>"GET", "controller"=>"invitations", "fb_sig_expires"=>"0", "fb_sig_friends"=>"714004,1901714,1947244,1950878,2200981,2221404,2901186,8842239,9507801,9805679,12415699,12447608,12457362,12459071,13741672,20923062,506794518,531100365,531586166,533299745,534619901,537281555,539250231,539693267,563710619,566955936,576951428,591790989,605643681,620122945,628290162,651202640,674447519,692474489,740192698,745267875,746969550,763868412,809827607,860325303,1018227614,1106173248,1131243382", "fb_sig_added"=>"1", "fb_sig_api_key"=>"e34ec276c93b8b443fd15691c57908c5", "fb_sig_profile_update_time"=>"1202862203", "fb_sig_user"=>"12451752"}
Rendering invitations/new
Completed in 0.00645 (155 reqs/sec) | Rendering: 0.00191 (29%) | DB: 0.00000 (0%) | 200 OK [http://cab.elevatedrails.com/invitations/new]


Processing InvitationsController#create (for 127.0.0.1 at 2008-02-19 19:24:27) [POST]
  Session ID: 1d24e989331de4792c03eae5-12451752
  Parameters: {"fb_sig_time"=>"1203470666.5136", "ids"=>["563710619"], "fb_sig"=>"6509d7052934da12bc0ef773c3df1ef1", "fb_sig_locale"=>"en_US", "action"=>"create", "fb_sig_session_key"=>"1d24e989331de4792c03eae5-12451752", "fb_sig_position_fix"=>"1", "fb_sig_in_canvas"=>"1", "fb_sig_request_method"=>"POST", "controller"=>"invitations", "typeahead"=>"Start Typing a Friend's Name", "fb_sig_expires"=>"0", "fb_sig_friends"=>"714004,1901714,1947244,1950878,2200981,2221404,2901186,8842239,9507801,9805679,12415699,12447608,12457362,12459071,13741672,20923062,506794518,531100365,531586166,533299745,534619901,537281555,539250231,539693267,563710619,566955936,576951428,591790989,605643681,620122945,628290162,651202640,674447519,692474489,740192698,745267875,746969550,763868412,809827607,860325303,1018227614,1106173248,1131243382", "fb_sig_added"=>"1", "fb_sig_api_key"=>"e34ec276c93b8b443fd15691c57908c5", "fb_sig_profile_update_time"=>"1202862203", "fb_sig_user"=>"12451752"}
Rendering invitations/create
Completed in 0.00506 (197 reqs/sec) | Rendering: 0.00189 (37%) | DB: 0.00000 (0%) | 200 OK [http://cab.elevatedrails.com/invitations]


Processing InvitationsController#new (for 127.0.0.1 at 2008-02-19 19:24:40) [GET]
  Session ID: 1d24e989331de4792c03eae5-12451752
  Parameters: {"fb_sig_time"=>"1203470679.8885", "fb_sig"=>"f11190d98b545692b6f0b2d379d285d1", "_method"=>"GET", "fb_sig_locale"=>"en_US", "action"=>"new", "fb_sig_session_key"=>"1d24e989331de4792c03eae5-12451752", "fb_sig_position_fix"=>"1", "fb_sig_in_canvas"=>"1", "fb_sig_request_method"=>"GET", "controller"=>"invitations", "fb_sig_expires"=>"0", "fb_sig_friends"=>"714004,1901714,1947244,1950878,2200981,2221404,2901186,8842239,9507801,9805679,12415699,12447608,12457362,12459071,13741672,20923062,506794518,531100365,531586166,533299745,534619901,537281555,539250231,539693267,563710619,566955936,576951428,591790989,605643681,620122945,628290162,651202640,674447519,692474489,740192698,745267875,746969550,763868412,809827607,860325303,1018227614,1106173248,1131243382", "fb_sig_added"=>"1", "fb_sig_api_key"=>"e34ec276c93b8b443fd15691c57908c5", "fb_sig_profile_update_time"=>"1202862203", "fb_sig_user"=>"12451752"}
Rendering invitations/new
Completed in 0.00501 (199 reqs/sec) | Rendering: 0.00143 (28%) | DB: 0.00000 (0%) | 200 OK [http://cab.elevatedrails.com/invitations/new]


Processing InvitationsController#create (for 127.0.0.1 at 2008-02-19 19:25:23) [POST]
  Session ID: 1d24e989331de4792c03eae5-12451752
  Parameters: {"fb_sig_time"=>"1203470722.3746", "ids"=>["563710619"], "fb_sig"=>"73cdd724c828bda854d22a7fa9fb8c7a", "fb_sig_locale"=>"en_US", "action"=>"create", "fb_sig_session_key"=>"1d24e989331de4792c03eae5-12451752", "fb_sig_position_fix"=>"1", "fb_sig_in_canvas"=>"1", "fb_sig_request_method"=>"POST", "controller"=>"invitations", "typeahead"=>"Start Typing a Friend's Name", "fb_sig_expires"=>"0", "fb_sig_friends"=>"714004,1901714,1947244,1950878,2200981,2221404,2901186,8842239,9507801,9805679,12415699,12447608,12457362,12459071,13741672,20923062,506794518,531100365,531586166,533299745,534619901,537281555,539250231,539693267,563710619,566955936,576951428,591790989,605643681,620122945,628290162,651202640,674447519,692474489,740192698,745267875,746969550,763868412,809827607,860325303,1018227614,1106173248,1131243382", "fb_sig_added"=>"1", "fb_sig_api_key"=>"e34ec276c93b8b443fd15691c57908c5", "fb_sig_profile_update_time"=>"1202862203", "fb_sig_user"=>"12451752"}
Rendering invitations/create
Completed in 0.00462 (216 reqs/sec) | Rendering: 0.00149 (32%) | DB: 0.00000 (0%) | 200 OK [http://cab.elevatedrails.com/invitations]


Processing InvitationsController#index (for 127.0.0.1 at 2008-02-19 19:26:44) [GET]
  Session ID: 1d24e989331de4792c03eae5-12451752
  Parameters: {"fb_sig_time"=>"1203470804.1208", "fb_sig"=>"7a1df48c872bf1ce1d59f25189dafadd", "_method"=>"GET", "fb_sig_locale"=>"en_US", "action"=>"index", "fb_sig_session_key"=>"1d24e989331de4792c03eae5-12451752", "fb_sig_position_fix"=>"1", "fb_sig_in_canvas"=>"1", "fb_sig_request_method"=>"GET", "controller"=>"invitations", "fb_sig_expires"=>"0", "fb_sig_friends"=>"714004,1901714,1947244,1950878,2200981,2221404,2901186,8842239,9507801,9805679,12415699,12447608,12457362,12459071,13741672,20923062,506794518,531100365,531586166,533299745,534619901,537281555,539250231,539693267,563710619,566955936,576951428,591790989,605643681,620122945,628290162,651202640,674447519,692474489,740192698,745267875,746969550,763868412,809827607,860325303,1018227614,1106173248,1131243382", "fb_sig_added"=>"1", "fb_sig_api_key"=>"e34ec276c93b8b443fd15691c57908c5", "fb_sig_profile_update_time"=>"1202862203", "fb_sig_user"=>"12451752"}


ActionController::UnknownAction (No action responded to index):
    /opt/local/lib/ruby/gems/1.8/gems/actionpack-2.0.2/lib/action_controller/filters.rb:697:in `call_filters'
    /opt/local/lib/ruby/gems/1.8/gems/actionpack-2.0.2/lib/action_controller/filters.rb:689:in `perform_action_without_benchmark'
    /opt/local/lib/ruby/gems/1.8/gems/actionpack-2.0.2/lib/action_controller/benchmarking.rb:68:in `perform_action_without_rescue'
    /opt/local/lib/ruby/1.8/benchmark.rb:293:in `measure'
    /opt/local/lib/ruby/gems/1.8/gems/actionpack-2.0.2/lib/action_controller/benchmarking.rb:68:in `perform_action_without_rescue'
    /opt/local/lib/ruby/gems/1.8/gems/actionpack-2.0.2/lib/action_controller/rescue.rb:199:in `perform_action_without_caching'
    /opt/local/lib/ruby/gems/1.8/gems/actionpack-2.0.2/lib/action_controller/caching.rb:678:in `perform_action'
    /opt/local/lib/ruby/gems/1.8/gems/activerecord-2.0.2/lib/active_record/connection_adapters/abstract/query_cache.rb:33:in `cache'
    /opt/local/lib/ruby/gems/1.8/gems/activerecord-2.0.2/lib/active_record/query_cache.rb:8:in `cache'
    /opt/local/lib/ruby/gems/1.8/gems/actionpack-2.0.2/lib/action_controller/caching.rb:677:in `perform_action'
    /opt/local/lib/ruby/gems/1.8/gems/actionpack-2.0.2/lib/action_controller/base.rb:524:in `send'
    /opt/local/lib/ruby/gems/1.8/gems/actionpack-2.0.2/lib/action_controller/base.rb:524:in `process_without_filters'
    /opt/local/lib/ruby/gems/1.8/gems/actionpack-2.0.2/lib/action_controller/filters.rb:685:in `process_without_session_management_support'
    /opt/local/lib/ruby/gems/1.8/gems/actionpack-2.0.2/lib/action_controller/session_management.rb:123:in `process'
    /opt/local/lib/ruby/gems/1.8/gems/actionpack-2.0.2/lib/action_controller/base.rb:388:in `process'
    /opt/local/lib/ruby/gems/1.8/gems/actionpack-2.0.2/lib/action_controller/dispatcher.rb:171:in `handle_request'
    /opt/local/lib/ruby/gems/1.8/gems/actionpack-2.0.2/lib/action_controller/dispatcher.rb:115:in `dispatch'
    /opt/local/lib/ruby/gems/1.8/gems/actionpack-2.0.2/lib/action_controller/dispatcher.rb:126:in `dispatch_cgi'
    /opt/local/lib/ruby/gems/1.8/gems/actionpack-2.0.2/lib/action_controller/dispatcher.rb:9:in `dispatch'
    /opt/local/lib/ruby/gems/1.8/gems/mongrel-1.1.3/bin/../lib/mongrel/rails.rb:76:in `process'
    /opt/local/lib/ruby/gems/1.8/gems/mongrel-1.1.3/bin/../lib/mongrel/rails.rb:74:in `synchronize'
    /opt/local/lib/ruby/gems/1.8/gems/mongrel-1.1.3/bin/../lib/mongrel/rails.rb:74:in `process'
    /opt/local/lib/ruby/gems/1.8/gems/mongrel-1.1.3/lib/mongrel.rb:159:in `process_client'
    /opt/local/lib/ruby/gems/1.8/gems/mongrel-1.1.3/lib/mongrel.rb:158:in `each'
    /opt/local/lib/ruby/gems/1.8/gems/mongrel-1.1.3/lib/mongrel.rb:158:in `process_client'
    /opt/local/lib/ruby/gems/1.8/gems/mongrel-1.1.3/lib/mongrel.rb:285:in `run'
    /opt/local/lib/ruby/gems/1.8/gems/mongrel-1.1.3/lib/mongrel.rb:285:in `initialize'
    /opt/local/lib/ruby/gems/1.8/gems/mongrel-1.1.3/lib/mongrel.rb:285:in `new'
    /opt/local/lib/ruby/gems/1.8/gems/mongrel-1.1.3/lib/mongrel.rb:285:in `run'
    /opt/local/lib/ruby/gems/1.8/gems/mongrel-1.1.3/lib/mongrel.rb:268:in `initialize'
    /opt/local/lib/ruby/gems/1.8/gems/mongrel-1.1.3/lib/mongrel.rb:268:in `new'
    /opt/local/lib/ruby/gems/1.8/gems/mongrel-1.1.3/lib/mongrel.rb:268:in `run'
    /opt/local/lib/ruby/gems/1.8/gems/mongrel-1.1.3/lib/mongrel/configurator.rb:282:in `run'
    /opt/local/lib/ruby/gems/1.8/gems/mongrel-1.1.3/lib/mongrel/configurator.rb:281:in `each'
    /opt/local/lib/ruby/gems/1.8/gems/mongrel-1.1.3/lib/mongrel/configurator.rb:281:in `run'
    /opt/local/lib/ruby/gems/1.8/gems/mongrel-1.1.3/bin/mongrel_rails:128:in `run'
    /opt/local/lib/ruby/gems/1.8/gems/mongrel-1.1.3/lib/mongrel/command.rb:212:in `run'
    /opt/local/lib/ruby/gems/1.8/gems/mongrel-1.1.3/bin/mongrel_rails:281
    /opt/local/lib/ruby/gems/1.8/gems/activesupport-2.0.2/lib/active_support/dependencies.rb:489:in `load'
    /opt/local/lib/ruby/gems/1.8/gems/activesupport-2.0.2/lib/active_support/dependencies.rb:489:in `load'
    /opt/local/lib/ruby/gems/1.8/gems/activesupport-2.0.2/lib/active_support/dependencies.rb:342:in `new_constants_in'
    /opt/local/lib/ruby/gems/1.8/gems/activesupport-2.0.2/lib/active_support/dependencies.rb:489:in `load'
    /opt/local/lib/ruby/gems/1.8/gems/rails-2.0.2/lib/commands/servers/mongrel.rb:64
    /opt/local/lib/ruby/site_ruby/1.8/rubygems/custom_require.rb:27:in `gem_original_require'
    /opt/local/lib/ruby/site_ruby/1.8/rubygems/custom_require.rb:27:in `require'
    /opt/local/lib/ruby/gems/1.8/gems/activesupport-2.0.2/lib/active_support/dependencies.rb:496:in `require'
    /opt/local/lib/ruby/gems/1.8/gems/activesupport-2.0.2/lib/active_support/dependencies.rb:342:in `new_constants_in'
    /opt/local/lib/ruby/gems/1.8/gems/activesupport-2.0.2/lib/active_support/dependencies.rb:496:in `require'
    /opt/local/lib/ruby/gems/1.8/gems/rails-2.0.2/lib/commands/server.rb:39
    /opt/local/lib/ruby/site_ruby/1.8/rubygems/custom_require.rb:27:in `gem_original_require'
    /opt/local/lib/ruby/site_ruby/1.8/rubygems/custom_require.rb:27:in `require'
    script/server:3

Rendering /opt/local/lib/ruby/gems/1.8/gems/actionpack-2.0.2/lib/action_controller/templates/rescues/layout.erb (not_found)


Processing InvitationsController#new (for 127.0.0.1 at 2008-02-19 19:26:48) [GET]
  Session ID: 1d24e989331de4792c03eae5-12451752
  Parameters: {"fb_sig_time"=>"1203470807.8755", "fb_sig"=>"50ac73eaad7538c8d40bad166debb3bb", "_method"=>"GET", "fb_sig_locale"=>"en_US", "action"=>"new", "fb_sig_session_key"=>"1d24e989331de4792c03eae5-12451752", "fb_sig_position_fix"=>"1", "fb_sig_in_canvas"=>"1", "fb_sig_request_method"=>"GET", "controller"=>"invitations", "fb_sig_expires"=>"0", "fb_sig_friends"=>"714004,1901714,1947244,1950878,2200981,2221404,2901186,8842239,9507801,9805679,12415699,12447608,12457362,12459071,13741672,20923062,506794518,531100365,531586166,533299745,534619901,537281555,539250231,539693267,563710619,566955936,576951428,591790989,605643681,620122945,628290162,651202640,674447519,692474489,740192698,745267875,746969550,763868412,809827607,860325303,1018227614,1106173248,1131243382", "fb_sig_added"=>"1", "fb_sig_api_key"=>"e34ec276c93b8b443fd15691c57908c5", "fb_sig_profile_update_time"=>"1202862203", "fb_sig_user"=>"12451752"}
Rendering invitations/new
Completed in 0.00551 (181 reqs/sec) | Rendering: 0.00208 (37%) | DB: 0.00000 (0%) | 200 OK [http://cab.elevatedrails.com/invitations/new]


Processing InvitationsController#new (for 127.0.0.1 at 2008-02-19 19:28:32) [GET]
  Session ID: 1d24e989331de4792c03eae5-12451752
  Parameters: {"fb_sig_time"=>"1203470910.8832", "fb_sig"=>"2b3be180d116430d929bc5b881c33c1f", "_method"=>"GET", "fb_sig_locale"=>"en_US", "action"=>"new", "fb_sig_session_key"=>"1d24e989331de4792c03eae5-12451752", "fb_sig_position_fix"=>"1", "fb_sig_in_canvas"=>"1", "fb_sig_request_method"=>"GET", "controller"=>"invitations", "fb_sig_expires"=>"0", "fb_sig_friends"=>"714004,1901714,1947244,1950878,2200981,2221404,2901186,8842239,9507801,9805679,12415699,12447608,12457362,12459071,13741672,20923062,506794518,531100365,531586166,533299745,534619901,537281555,539250231,539693267,563710619,566955936,576951428,591790989,605643681,620122945,628290162,651202640,674447519,692474489,740192698,745267875,746969550,763868412,809827607,860325303,1018227614,1106173248,1131243382", "fb_sig_added"=>"1", "fb_sig_api_key"=>"e34ec276c93b8b443fd15691c57908c5", "fb_sig_profile_update_time"=>"1202862203", "fb_sig_user"=>"12451752"}
Rendering invitations/new
Completed in 0.00603 (165 reqs/sec) | Rendering: 0.00227 (37%) | DB: 0.00000 (0%) | 200 OK [http://cab.elevatedrails.com/invitations/new]


Processing InvitationsController#create (for 127.0.0.1 at 2008-02-19 19:28:42) [POST]
  Session ID: 1d24e989331de4792c03eae5-12451752
  Parameters: {"fb_sig_time"=>"1203470918.4465", "ids"=>["563710619"], "fb_sig"=>"2d888810cfb8207326b42d3b7f1432dc", "fb_sig_locale"=>"en_US", "action"=>"create", "fb_sig_session_key"=>"1d24e989331de4792c03eae5-12451752", "fb_sig_position_fix"=>"1", "fb_sig_in_canvas"=>"1", "fb_sig_request_method"=>"POST", "controller"=>"invitations", "typeahead"=>"Start Typing a Friend's Name", "fb_sig_expires"=>"0", "fb_sig_friends"=>"714004,1901714,1947244,1950878,2200981,2221404,2901186,8842239,9507801,9805679,12415699,12447608,12457362,12459071,13741672,20923062,506794518,531100365,531586166,533299745,534619901,537281555,539250231,539693267,563710619,566955936,576951428,591790989,605643681,620122945,628290162,651202640,674447519,692474489,740192698,745267875,746969550,763868412,809827607,860325303,1018227614,1106173248,1131243382", "fb_sig_added"=>"1", "fb_sig_api_key"=>"e34ec276c93b8b443fd15691c57908c5", "fb_sig_profile_update_time"=>"1202862203", "fb_sig_user"=>"12451752"}
Rendering invitations/create
Completed in 0.00494 (202 reqs/sec) | Rendering: 0.00102 (20%) | DB: 0.00000 (0%) | 200 OK [http://cab.elevatedrails.com/invitations]


Processing InvitationsController#new (for 127.0.0.1 at 2008-02-19 19:31:44) [GET]
  Session ID: 41f98c12c98a96f525c5f5f9-563710619
  Parameters: {"fb_sig_time"=>"1203471103.4109", "fb_sig"=>"919195f6953f09ffda1346467b9c0bf2", "from"=>"12451752", "_method"=>"GET", "fb_sig_locale"=>"en_US", "action"=>"new", "fb_sig_session_key"=>"41f98c12c98a96f525c5f5f9-563710619", "fb_sig_position_fix"=>"1", "fb_sig_in_canvas"=>"1", "fb_sig_request_method"=>"GET", "controller"=>"invitations", "fb_sig_expires"=>"0", "fb_sig_friends"=>"12451752,559453064,564838661,568678295,574429167,604052428,751276176,793512699", "fb_sig_added"=>"1", "fb_sig_api_key"=>"e34ec276c93b8b443fd15691c57908c5", "fb_sig_profile_update_time"=>"1185220830", "fb_sig_user"=>"563710619"}
Rendering invitations/new
Completed in 0.00504 (198 reqs/sec) | Rendering: 0.00179 (35%) | DB: 0.00000 (0%) | 200 OK [http://cab.elevatedrails.com/invitations/new?from=12451752]


Processing InvitationsController#new (for 127.0.0.1 at 2008-02-19 19:36:30) [GET]
  Session ID: 41f98c12c98a96f525c5f5f9-563710619
  Parameters: {"fb_sig_time"=>"1203471390.0236", "fb_sig"=>"4305a7142cd3aaba2bf5914744fd1e42", "from"=>"12451752", "_method"=>"GET", "fb_sig_locale"=>"en_US", "action"=>"new", "fb_sig_session_key"=>"41f98c12c98a96f525c5f5f9-563710619", "fb_sig_position_fix"=>"1", "fb_sig_in_canvas"=>"1", "fb_sig_request_method"=>"GET", "controller"=>"invitations", "fb_sig_expires"=>"0", "fb_sig_friends"=>"12451752,559453064,564838661,568678295,574429167,604052428,751276176,793512699", "fb_sig_added"=>"1", "fb_sig_api_key"=>"e34ec276c93b8b443fd15691c57908c5", "fb_sig_profile_update_time"=>"1185220830", "fb_sig_user"=>"563710619"}
Rendered invitations/_profile (0.00105)
Rendering invitations/new
Completed in 0.84983 (1 reqs/sec) | Rendering: 0.00370 (0%) | DB: 0.00000 (0%) | 200 OK [http://cab.elevatedrails.com/invitations/new?from=12451752]


Processing InvitationsController#new (for 127.0.0.1 at 2008-02-19 19:38:09) [GET]
  Session ID: 1d24e989331de4792c03eae5-12451752
  Parameters: {"fb_sig_time"=>"1203471488.5986", "fb_sig"=>"183a250deae2b5d00518bef0b35588fa", "_method"=>"GET", "fb_sig_locale"=>"en_US", "action"=>"new", "fb_sig_session_key"=>"1d24e989331de4792c03eae5-12451752", "fb_sig_position_fix"=>"1", "fb_sig_in_canvas"=>"1", "fb_sig_request_method"=>"GET", "controller"=>"invitations", "fb_sig_expires"=>"0", "fb_sig_friends"=>"714004,1901714,1947244,1950878,2200981,2221404,2901186,8842239,9507801,9805679,12415699,12447608,12457362,12459071,13741672,20923062,506794518,531100365,531586166,533299745,534619901,537281555,539250231,539693267,563710619,566955936,576951428,591790989,605643681,620122945,628290162,651202640,674447519,692474489,740192698,745267875,746969550,763868412,809827607,860325303,1018227614,1106173248,1131243382", "fb_sig_added"=>"1", "fb_sig_api_key"=>"e34ec276c93b8b443fd15691c57908c5", "fb_sig_profile_update_time"=>"1202862203", "fb_sig_user"=>"12451752"}
Rendering invitations/new
Completed in 0.00515 (194 reqs/sec) | Rendering: 0.00200 (38%) | DB: 0.00000 (0%) | 200 OK [http://cab.elevatedrails.com/invitations/new]


Processing InvitationsController#create (for 127.0.0.1 at 2008-02-19 19:38:15) [POST]
  Session ID: 1d24e989331de4792c03eae5-12451752
  Parameters: {"fb_sig_time"=>"1203471494.6013", "ids"=>["563710619"], "fb_sig"=>"f999d429cdd50e1419d779d8dfd4e1c7", "fb_sig_locale"=>"en_US", "action"=>"create", "fb_sig_session_key"=>"1d24e989331de4792c03eae5-12451752", "fb_sig_position_fix"=>"1", "fb_sig_in_canvas"=>"1", "fb_sig_request_method"=>"POST", "controller"=>"invitations", "typeahead"=>"Start Typing a Friend's Name", "fb_sig_expires"=>"0", "fb_sig_friends"=>"714004,1901714,1947244,1950878,2200981,2221404,2901186,8842239,9507801,9805679,12415699,12447608,12457362,12459071,13741672,20923062,506794518,531100365,531586166,533299745,534619901,537281555,539250231,539693267,563710619,566955936,576951428,591790989,605643681,620122945,628290162,651202640,674447519,692474489,740192698,745267875,746969550,763868412,809827607,860325303,1018227614,1106173248,1131243382", "fb_sig_added"=>"1", "fb_sig_api_key"=>"e34ec276c93b8b443fd15691c57908c5", "fb_sig_profile_update_time"=>"1202862203", "fb_sig_user"=>"12451752"}
Rendering invitations/create
Completed in 0.00452 (221 reqs/sec) | Rendering: 0.00128 (28%) | DB: 0.00000 (0%) | 200 OK [http://cab.elevatedrails.com/invitations]


Processing InvitationsController#create (for 127.0.0.1 at 2008-02-19 19:39:10) [POST]
  Session ID: 1d24e989331de4792c03eae5-12451752
  Parameters: {"fb_sig_time"=>"1203471549.9292", "ids"=>["563710619"], "fb_sig"=>"0c967895da4d9b054dc22aa11995afe1", "fb_sig_locale"=>"en_US", "action"=>"create", "fb_sig_session_key"=>"1d24e989331de4792c03eae5-12451752", "fb_sig_position_fix"=>"1", "fb_sig_in_canvas"=>"1", "fb_sig_request_method"=>"POST", "controller"=>"invitations", "typeahead"=>"Start Typing a Friend's Name", "fb_sig_expires"=>"0", "fb_sig_friends"=>"714004,1901714,1947244,1950878,2200981,2221404,2901186,8842239,9507801,9805679,12415699,12447608,12457362,12459071,13741672,20923062,506794518,531100365,531586166,533299745,534619901,537281555,539250231,539693267,563710619,566955936,576951428,591790989,605643681,620122945,628290162,651202640,674447519,692474489,740192698,745267875,746969550,763868412,809827607,860325303,1018227614,1106173248,1131243382", "fb_sig_added"=>"1", "fb_sig_api_key"=>"e34ec276c93b8b443fd15691c57908c5", "fb_sig_profile_update_time"=>"1202862203", "fb_sig_user"=>"12451752"}
Rendering invitations/create
Completed in 0.00468 (213 reqs/sec) | Rendering: 0.00156 (33%) | DB: 0.00000 (0%) | 200 OK [http://cab.elevatedrails.com/invitations]


Processing ApplicationController#index (for 127.0.0.1 at 2008-07-24 18:18:43) [GET]
  Session ID: 1d24e989331de4792c03eae5-12451752
  Parameters: {"fb_sig_time"=>"1216937922.8093", "fb_sig"=>"b843989551710d0b651fd5f4045d3b82", "fb_sig_in_new_facebook"=>"1", "_method"=>"GET", "fb_sig_locale"=>"en_US", "fb_sig_session_key"=>"1d24e989331de4792c03eae5-12451752", "fb_sig_position_fix"=>"1", "fb_sig_in_canvas"=>"1", "fb_sig_request_method"=>"GET", "fb_sig_expires"=>"0", "fb_sig_friends"=>"714004,1236115,1901714,1947244,1950878,2200981,2221404,2901186,2904893,3501664,8842239,9507801,9805679,10101244,12414017,12415699,12447608,12457362,12459071,13741672,14810654,20923062,22007799,22012102,157200364,500091955,500233761,501012646,502985816,505289634,506753749,506794518,515498703,517329721,521180570,523551926,525647577,531100365,531205233,531348236,531428361,531555098,531586166,531685187,533299745,534954841,537281555,538750748,539250231,539693267,548500085,552743294,563710619,566955936,570052321,576951428,579398979,579916874,587412625,591790989,596269347,602317055,605506522,605643681,612846152,620122945,627421309,628276445,628290162,628765923,641030541,641370732,644662928,650052106,651202640,656127126,671602728,674447519,692096230,692474489,698856836,708753055,710732475,718976395,719263455,721234666,724146195,729061512,740192698,744961110,745267875,746969550,747739523,751604267,752041272,762879027,763825642,763868412,763897854,773169551,788511623,794230713,795141561,797778605,809827607,814673555,824298241,830904376,860325303,906690413,1018227614,1024186567,1042830137,1045310375,1059001007,1089690140,1106173248,1125579457,1131243382,1143349616,1192117135,1215200584,1220594020,1250947664,1275579143,1310793354,1312581090,1317636778,1326711372,1509030176", "fb_sig_added"=>"1", "fb_sig_api_key"=>"e34ec276c93b8b443fd15691c57908c5", "fb_sig_ext_perms"=>"status_update", "fb_sig_user"=>"12451752", "fb_sig_profile_update_time"=>"1216171065"}


ActionController::RoutingError (No route matches "/" with {:method=>:get, :canvas=>true}):
    /opt/local/lib/ruby/gems/1.8/gems/actionpack-2.0.2/lib/action_controller/routing.rb:1441:in `recognize_path'
    /opt/local/lib/ruby/gems/1.8/gems/actionpack-2.0.2/lib/action_controller/routing.rb:1424:in `recognize'
    /opt/local/lib/ruby/gems/1.8/gems/actionpack-2.0.2/lib/action_controller/dispatcher.rb:170:in `handle_request'
    /opt/local/lib/ruby/gems/1.8/gems/actionpack-2.0.2/lib/action_controller/dispatcher.rb:115:in `dispatch'
    /opt/local/lib/ruby/gems/1.8/gems/actionpack-2.0.2/lib/action_controller/dispatcher.rb:126:in `dispatch_cgi'
    /opt/local/lib/ruby/gems/1.8/gems/actionpack-2.0.2/lib/action_controller/dispatcher.rb:9:in `dispatch'
    /opt/local/lib/ruby/gems/1.8/gems/mongrel-1.1.4/bin/../lib/mongrel/rails.rb:76:in `process'
    /opt/local/lib/ruby/gems/1.8/gems/mongrel-1.1.4/bin/../lib/mongrel/rails.rb:74:in `synchronize'
    /opt/local/lib/ruby/gems/1.8/gems/mongrel-1.1.4/bin/../lib/mongrel/rails.rb:74:in `process'
    /opt/local/lib/ruby/gems/1.8/gems/mongrel-1.1.4/lib/mongrel.rb:159:in `process_client'
    /opt/local/lib/ruby/gems/1.8/gems/mongrel-1.1.4/lib/mongrel.rb:158:in `each'
    /opt/local/lib/ruby/gems/1.8/gems/mongrel-1.1.4/lib/mongrel.rb:158:in `process_client'
    /opt/local/lib/ruby/gems/1.8/gems/mongrel-1.1.4/lib/mongrel.rb:285:in `run'
    /opt/local/lib/ruby/gems/1.8/gems/mongrel-1.1.4/lib/mongrel.rb:285:in `initialize'
    /opt/local/lib/ruby/gems/1.8/gems/mongrel-1.1.4/lib/mongrel.rb:285:in `new'
    /opt/local/lib/ruby/gems/1.8/gems/mongrel-1.1.4/lib/mongrel.rb:285:in `run'
    /opt/local/lib/ruby/gems/1.8/gems/mongrel-1.1.4/lib/mongrel.rb:268:in `initialize'
    /opt/local/lib/ruby/gems/1.8/gems/mongrel-1.1.4/lib/mongrel.rb:268:in `new'
    /opt/local/lib/ruby/gems/1.8/gems/mongrel-1.1.4/lib/mongrel.rb:268:in `run'
    /opt/local/lib/ruby/gems/1.8/gems/mongrel-1.1.4/lib/mongrel/configurator.rb:282:in `run'
    /opt/local/lib/ruby/gems/1.8/gems/mongrel-1.1.4/lib/mongrel/configurator.rb:281:in `each'
    /opt/local/lib/ruby/gems/1.8/gems/mongrel-1.1.4/lib/mongrel/configurator.rb:281:in `run'
    /opt/local/lib/ruby/gems/1.8/gems/mongrel-1.1.4/bin/mongrel_rails:128:in `run'
    /opt/local/lib/ruby/gems/1.8/gems/mongrel-1.1.4/lib/mongrel/command.rb:212:in `run'
    /opt/local/lib/ruby/gems/1.8/gems/mongrel-1.1.4/bin/mongrel_rails:281
    /opt/local/lib/ruby/gems/1.8/gems/activesupport-2.0.2/lib/active_support/dependencies.rb:489:in `load'
    /opt/local/lib/ruby/gems/1.8/gems/activesupport-2.0.2/lib/active_support/dependencies.rb:489:in `load'
    /opt/local/lib/ruby/gems/1.8/gems/activesupport-2.0.2/lib/active_support/dependencies.rb:342:in `new_constants_in'
    /opt/local/lib/ruby/gems/1.8/gems/activesupport-2.0.2/lib/active_support/dependencies.rb:489:in `load'
    /opt/local/lib/ruby/gems/1.8/gems/rails-2.0.2/lib/commands/servers/mongrel.rb:64
    /opt/local/lib/ruby/site_ruby/1.8/rubygems/custom_require.rb:27:in `gem_original_require'
    /opt/local/lib/ruby/site_ruby/1.8/rubygems/custom_require.rb:27:in `require'
    /opt/local/lib/ruby/gems/1.8/gems/activesupport-2.0.2/lib/active_support/dependencies.rb:496:in `require'
    /opt/local/lib/ruby/gems/1.8/gems/activesupport-2.0.2/lib/active_support/dependencies.rb:342:in `new_constants_in'
    /opt/local/lib/ruby/gems/1.8/gems/activesupport-2.0.2/lib/active_support/dependencies.rb:496:in `require'
    /opt/local/lib/ruby/gems/1.8/gems/rails-2.0.2/lib/commands/server.rb:39
    /opt/local/lib/ruby/site_ruby/1.8/rubygems/custom_require.rb:27:in `gem_original_require'
    /opt/local/lib/ruby/site_ruby/1.8/rubygems/custom_require.rb:27:in `require'
    script/server:3

Rendering /Users/mmangino/rails/mmfacer/Book/code/chapter2/karate_poke/vendor/plugins/facebooker/templates/layout.erb (200)


Processing InvitationsController#new (for 127.0.0.1 at 2008-07-24 18:18:55) [GET]
  Session ID: 1d24e989331de4792c03eae5-12451752
  Parameters: {"fb_sig_time"=>"1216937934.4829", "fb_sig"=>"215eeb7bd3145fc708a24dff396667ac", "fb_sig_in_new_facebook"=>"1", "_method"=>"GET", "fb_sig_locale"=>"en_US", "action"=>"new", "fb_sig_session_key"=>"1d24e989331de4792c03eae5-12451752", "fb_sig_position_fix"=>"1", "fb_sig_in_canvas"=>"1", "fb_sig_request_method"=>"GET", "controller"=>"invitations", "fb_sig_expires"=>"0", "fb_sig_friends"=>"714004,1236115,1901714,1947244,1950878,2200981,2221404,2901186,2904893,3501664,8842239,9507801,9805679,10101244,12414017,12415699,12447608,12457362,12459071,13741672,14810654,20923062,22007799,22012102,157200364,500091955,500233761,501012646,502985816,505289634,506753749,506794518,515498703,517329721,521180570,523551926,525647577,531100365,531205233,531348236,531428361,531555098,531586166,531685187,533299745,534954841,537281555,538750748,539250231,539693267,548500085,552743294,563710619,566955936,570052321,576951428,579398979,579916874,587412625,591790989,596269347,602317055,605506522,605643681,612846152,620122945,627421309,628276445,628290162,628765923,641030541,641370732,644662928,650052106,651202640,656127126,671602728,674447519,692096230,692474489,698856836,708753055,710732475,718976395,719263455,721234666,724146195,729061512,740192698,744961110,745267875,746969550,747739523,751604267,752041272,762879027,763825642,763868412,763897854,773169551,788511623,794230713,795141561,797778605,809827607,814673555,824298241,830904376,860325303,906690413,1018227614,1024186567,1042830137,1045310375,1059001007,1089690140,1106173248,1125579457,1131243382,1143349616,1192117135,1215200584,1220594020,1250947664,1275579143,1310793354,1312581090,1317636778,1326711372,1509030176", "fb_sig_added"=>"1", "fb_sig_api_key"=>"e34ec276c93b8b443fd15691c57908c5", "fb_sig_ext_perms"=>"status_update", "fb_sig_user"=>"12451752", "fb_sig_profile_update_time"=>"1216171065"}
Rendering invitations/new
Completed in 0.03081 (32 reqs/sec) | Rendering: 0.02390 (77%) | DB: 0.00000 (0%) | 200 OK [http://web1.tunnlr.com/invitations/new]


Processing InvitationsController#new (for 127.0.0.1 at 2008-07-24 18:19:53) [GET]
  Session ID: 1d24e989331de4792c03eae5-12451752
  Parameters: {"fb_sig_time"=>"1216937992.9783", "fb_sig"=>"a515da9ce36f7b6420b283186495270e", "fb_sig_in_new_facebook"=>"1", "_method"=>"GET", "fb_sig_locale"=>"en_US", "action"=>"new", "fb_sig_session_key"=>"1d24e989331de4792c03eae5-12451752", "fb_sig_position_fix"=>"1", "fb_sig_in_canvas"=>"1", "fb_sig_request_method"=>"GET", "controller"=>"invitations", "fb_sig_expires"=>"0", "fb_sig_friends"=>"714004,1236115,1901714,1947244,1950878,2200981,2221404,2901186,2904893,3501664,8842239,9507801,9805679,10101244,12414017,12415699,12447608,12457362,12459071,13741672,14810654,20923062,22007799,22012102,157200364,500091955,500233761,501012646,502985816,505289634,506753749,506794518,515498703,517329721,521180570,523551926,525647577,531100365,531205233,531348236,531428361,531555098,531586166,531685187,533299745,534954841,537281555,538750748,539250231,539693267,548500085,552743294,563710619,566955936,570052321,576951428,579398979,579916874,587412625,591790989,596269347,602317055,605506522,605643681,612846152,620122945,627421309,628276445,628290162,628765923,641030541,641370732,644662928,650052106,651202640,656127126,671602728,674447519,692096230,692474489,698856836,708753055,710732475,718976395,719263455,721234666,724146195,729061512,740192698,744961110,745267875,746969550,747739523,751604267,752041272,762879027,763825642,763868412,763897854,773169551,788511623,794230713,795141561,797778605,809827607,814673555,824298241,830904376,860325303,906690413,1018227614,1024186567,1042830137,1045310375,1059001007,1089690140,1106173248,1125579457,1131243382,1143349616,1192117135,1215200584,1220594020,1250947664,1275579143,1310793354,1312581090,1317636778,1326711372,1509030176", "fb_sig_added"=>"1", "fb_sig_api_key"=>"e34ec276c93b8b443fd15691c57908c5", "fb_sig_ext_perms"=>"status_update", "fb_sig_user"=>"12451752", "fb_sig_profile_update_time"=>"1216171065"}
Rendering invitations/new
Completed in 0.00909 (109 reqs/sec) | Rendering: 0.00288 (31%) | DB: 0.00000 (0%) | 200 OK [http://web1.tunnlr.com/invitations/new]


Processing InvitationsController#new (for 127.0.0.1 at 2008-07-24 18:20:17) [GET]
  Session ID: 1d24e989331de4792c03eae5-12451752
  Parameters: {"fb_sig_time"=>"1216938017.5596", "fb_sig"=>"3d1dc96a381bb76f23d5c35df0e5a1ba", "fb_sig_in_new_facebook"=>"1", "_method"=>"GET", "fb_sig_locale"=>"en_US", "action"=>"new", "fb_sig_session_key"=>"1d24e989331de4792c03eae5-12451752", "fb_sig_position_fix"=>"1", "fb_sig_in_canvas"=>"1", "fb_sig_request_method"=>"GET", "controller"=>"invitations", "fb_sig_expires"=>"0", "fb_sig_friends"=>"714004,1236115,1901714,1947244,1950878,2200981,2221404,2901186,2904893,3501664,8842239,9507801,9805679,10101244,12414017,12415699,12447608,12457362,12459071,13741672,14810654,20923062,22007799,22012102,157200364,500091955,500233761,501012646,502985816,505289634,506753749,506794518,515498703,517329721,521180570,523551926,525647577,531100365,531205233,531348236,531428361,531555098,531586166,531685187,533299745,534954841,537281555,538750748,539250231,539693267,548500085,552743294,563710619,566955936,570052321,576951428,579398979,579916874,587412625,591790989,596269347,602317055,605506522,605643681,612846152,620122945,627421309,628276445,628290162,628765923,641030541,641370732,644662928,650052106,651202640,656127126,671602728,674447519,692096230,692474489,698856836,708753055,710732475,718976395,719263455,721234666,724146195,729061512,740192698,744961110,745267875,746969550,747739523,751604267,752041272,762879027,763825642,763868412,763897854,773169551,788511623,794230713,795141561,797778605,809827607,814673555,824298241,830904376,860325303,906690413,1018227614,1024186567,1042830137,1045310375,1059001007,1089690140,1106173248,1125579457,1131243382,1143349616,1192117135,1215200584,1220594020,1250947664,1275579143,1310793354,1312581090,1317636778,1326711372,1509030176", "fb_sig_added"=>"1", "fb_sig_api_key"=>"e34ec276c93b8b443fd15691c57908c5", "fb_sig_ext_perms"=>"status_update", "fb_sig_user"=>"12451752", "fb_sig_profile_update_time"=>"1216171065"}
Rendering invitations/new
Completed in 0.00701 (142 reqs/sec) | Rendering: 0.00192 (27%) | DB: 0.00000 (0%) | 200 OK [http://web1.tunnlr.com/invitations/new]


Processing InvitationsController#new (for 127.0.0.1 at 2008-07-24 18:20:33) [GET]
  Session ID: 1d24e989331de4792c03eae5-12451752
  Parameters: {"fb_sig_time"=>"1216938032.8647", "fb_sig"=>"b155621956e360a29f6f8d5f0a4846ff", "fb_sig_in_new_facebook"=>"1", "_method"=>"GET", "fb_sig_locale"=>"en_US", "action"=>"new", "fb_sig_session_key"=>"1d24e989331de4792c03eae5-12451752", "fb_sig_position_fix"=>"1", "fb_sig_in_canvas"=>"1", "fb_sig_request_method"=>"GET", "controller"=>"invitations", "fb_sig_expires"=>"0", "fb_sig_friends"=>"714004,1236115,1901714,1947244,1950878,2200981,2221404,2901186,2904893,3501664,8842239,9507801,9805679,10101244,12414017,12415699,12447608,12457362,12459071,13741672,14810654,20923062,22007799,22012102,157200364,500091955,500233761,501012646,502985816,505289634,506753749,506794518,515498703,517329721,521180570,523551926,525647577,531100365,531205233,531348236,531428361,531555098,531586166,531685187,533299745,534954841,537281555,538750748,539250231,539693267,548500085,552743294,563710619,566955936,570052321,576951428,579398979,579916874,587412625,591790989,596269347,602317055,605506522,605643681,612846152,620122945,627421309,628276445,628290162,628765923,641030541,641370732,644662928,650052106,651202640,656127126,671602728,674447519,692096230,692474489,698856836,708753055,710732475,718976395,719263455,721234666,724146195,729061512,740192698,744961110,745267875,746969550,747739523,751604267,752041272,762879027,763825642,763868412,763897854,773169551,788511623,794230713,795141561,797778605,809827607,814673555,824298241,830904376,860325303,906690413,1018227614,1024186567,1042830137,1045310375,1059001007,1089690140,1106173248,1125579457,1131243382,1143349616,1192117135,1215200584,1220594020,1250947664,1275579143,1310793354,1312581090,1317636778,1326711372,1509030176", "fb_sig_added"=>"1", "fb_sig_api_key"=>"e34ec276c93b8b443fd15691c57908c5", "fb_sig_ext_perms"=>"status_update", "fb_sig_user"=>"12451752", "fb_sig_profile_update_time"=>"1216171065"}
Rendering invitations/new
Completed in 0.00922 (108 reqs/sec) | Rendering: 0.00263 (28%) | DB: 0.00000 (0%) | 200 OK [http://web1.tunnlr.com/invitations/new]


Processing InvitationsController#new (for 127.0.0.1 at 2008-07-24 18:20:55) [GET]
  Session ID: 1d24e989331de4792c03eae5-12451752
  Parameters: {"fb_sig_time"=>"1216938055.1884", "fb_sig"=>"7ff93b949b47bbc1fcf93cd3ec815e16", "fb_sig_in_new_facebook"=>"1", "_method"=>"GET", "fb_sig_locale"=>"en_US", "action"=>"new", "fb_sig_session_key"=>"1d24e989331de4792c03eae5-12451752", "fb_sig_position_fix"=>"1", "fb_sig_in_canvas"=>"1", "fb_sig_request_method"=>"GET", "controller"=>"invitations", "fb_sig_expires"=>"0", "fb_sig_friends"=>"714004,1236115,1901714,1947244,1950878,2200981,2221404,2901186,2904893,3501664,8842239,9507801,9805679,10101244,12414017,12415699,12447608,12457362,12459071,13741672,14810654,20923062,22007799,22012102,157200364,500091955,500233761,501012646,502985816,505289634,506753749,506794518,515498703,517329721,521180570,523551926,525647577,531100365,531205233,531348236,531428361,531555098,531586166,531685187,533299745,534954841,537281555,538750748,539250231,539693267,548500085,552743294,563710619,566955936,570052321,576951428,579398979,579916874,587412625,591790989,596269347,602317055,605506522,605643681,612846152,620122945,627421309,628276445,628290162,628765923,641030541,641370732,644662928,650052106,651202640,656127126,671602728,674447519,692096230,692474489,698856836,708753055,710732475,718976395,719263455,721234666,724146195,729061512,740192698,744961110,745267875,746969550,747739523,751604267,752041272,762879027,763825642,763868412,763897854,773169551,788511623,794230713,795141561,797778605,809827607,814673555,824298241,830904376,860325303,906690413,1018227614,1024186567,1042830137,1045310375,1059001007,1089690140,1106173248,1125579457,1131243382,1143349616,1192117135,1215200584,1220594020,1250947664,1275579143,1310793354,1312581090,1317636778,1326711372,1509030176", "fb_sig_added"=>"1", "fb_sig_api_key"=>"e34ec276c93b8b443fd15691c57908c5", "fb_sig_ext_perms"=>"status_update", "fb_sig_user"=>"12451752", "fb_sig_profile_update_time"=>"1216171065"}
Rendering invitations/new
Completed in 0.00635 (157 reqs/sec) | Rendering: 0.00200 (31%) | DB: 0.00000 (0%) | 200 OK [http://web1.tunnlr.com/invitations/new]
